# JRE version: OpenJDK Runtime Environment (8.0_202-b03) (build 1.8.0_202-release-1483-b03)
# Java VM: OpenJDK 64-Bit Server VM (25.202-b03 mixed mode windows-amd64 compressed oops)
Heap:
 PSYoungGen      total 115200K, used 27455K [0x00000000e0000000, 0x00000000e7d00000, 0x0000000100000000)
  eden space 105472K, 16% used [0x00000000e0000000,0x00000000e1153660,0x00000000e6700000)
  from space 9728K, 99% used [0x00000000e7380000,0x00000000e7cfc5b0,0x00000000e7d00000)
  to   space 11264K, 0% used [0x00000000e6700000,0x00000000e6700000,0x00000000e7200000)
 ParOldGen       total 60416K, used 21248K [0x00000000a0000000, 0x00000000a3b00000, 0x00000000e0000000)
  object space 60416K, 35% used [0x00000000a0000000,0x00000000a14c0188,0x00000000a3b00000)
 Metaspace       used 45903K, capacity 46970K, committed 47232K, reserved 1089536K
  class space    used 6192K, capacity 6496K, committed 6528K, reserved 1048576K
GC Heap History (10 events):
Event: 16.917 GC heap before
{Heap before GC invocations=8 (full 1):
 PSYoungGen      total 76288K, used 66560K [0x00000000e0000000, 0x00000000e5500000, 0x0000000100000000)
  eden space 66560K, 100% used [0x00000000e0000000,0x00000000e4100000,0x00000000e4100000)
  from space 9728K, 0% used [0x00000000e4b80000,0x00000000e4b80000,0x00000000e5500000)
  to   space 10240K, 0% used [0x00000000e4100000,0x00000000e4100000,0x00000000e4b00000)
 ParOldGen       total 60416K, used 10957K [0x00000000a0000000, 0x00000000a3b00000, 0x00000000e0000000)
  object space 60416K, 18% used [0x00000000a0000000,0x00000000a0ab3520,0x00000000a3b00000)
 Metaspace       used 29117K, capacity 29612K, committed 30080K, reserved 1075200K
  class space    used 3931K, capacity 4098K, committed 4224K, reserved 1048576K
Event: 16.930 GC heap after
Heap after GC invocations=8 (full 1):
 PSYoungGen      total 76800K, used 8172K [0x00000000e0000000, 0x00000000e7e00000, 0x0000000100000000)
  eden space 66560K, 0% used [0x00000000e0000000,0x00000000e0000000,0x00000000e4100000)
  from space 10240K, 79% used [0x00000000e4100000,0x00000000e48fb298,0x00000000e4b00000)
  to   space 10752K, 0% used [0x00000000e7380000,0x00000000e7380000,0x00000000e7e00000)
 ParOldGen       total 60416K, used 10965K [0x00000000a0000000, 0x00000000a3b00000, 0x00000000e0000000)
  object space 60416K, 18% used [0x00000000a0000000,0x00000000a0ab5520,0x00000000a3b00000)
 Metaspace       used 29117K, capacity 29612K, committed 30080K, reserved 1075200K
  class space    used 3931K, capacity 4098K, committed 4224K, reserved 1048576K
}
Event: 20.010 GC heap before
{Heap before GC invocations=9 (full 1):
 PSYoungGen      total 76800K, used 74732K [0x00000000e0000000, 0x00000000e7e00000, 0x0000000100000000)
  eden space 66560K, 100% used [0x00000000e0000000,0x00000000e4100000,0x00000000e4100000)
  from space 10240K, 79% used [0x00000000e4100000,0x00000000e48fb298,0x00000000e4b00000)
  to   space 10752K, 0% used [0x00000000e7380000,0x00000000e7380000,0x00000000e7e00000)
 ParOldGen       total 60416K, used 10965K [0x00000000a0000000, 0x00000000a3b00000, 0x00000000e0000000)
  object space 60416K, 18% used [0x00000000a0000000,0x00000000a0ab5520,0x00000000a3b00000)
 Metaspace       used 32386K, capacity 32874K, committed 33152K, reserved 1077248K
  class space    used 4466K, capacity 4652K, committed 4736K, reserved 1048576K
Event: 20.027 GC heap after
Heap after GC invocations=9 (full 1):
 PSYoungGen      total 115200K, used 8634K [0x00000000e0000000, 0x00000000e7d00000, 0x0000000100000000)
  eden space 105472K, 0% used [0x00000000e0000000,0x00000000e0000000,0x00000000e6700000)
  from space 9728K, 88% used [0x00000000e7380000,0x00000000e7beeac8,0x00000000e7d00000)
  to   space 11264K, 0% used [0x00000000e6700000,0x00000000e6700000,0x00000000e7200000)
 ParOldGen       total 60416K, used 10973K [0x00000000a0000000, 0x00000000a3b00000, 0x00000000e0000000)
  object space 60416K, 18% used [0x00000000a0000000,0x00000000a0ab7520,0x00000000a3b00000)
 Metaspace       used 32386K, capacity 32874K, committed 33152K, reserved 1077248K
  class space    used 4466K, capacity 4652K, committed 4736K, reserved 1048576K
}
Event: 28.380 GC heap before
{Heap before GC invocations=10 (full 1):
 PSYoungGen      total 115200K, used 57521K [0x00000000e0000000, 0x00000000e7d00000, 0x0000000100000000)
  eden space 105472K, 46% used [0x00000000e0000000,0x00000000e2fbdb18,0x00000000e6700000)
  from space 9728K, 88% used [0x00000000e7380000,0x00000000e7beeac8,0x00000000e7d00000)
  to   space 11264K, 0% used [0x00000000e6700000,0x00000000e6700000,0x00000000e7200000)
 ParOldGen       total 60416K, used 10973K [0x00000000a0000000, 0x00000000a3b00000, 0x00000000e0000000)
  object space 60416K, 18% used [0x00000000a0000000,0x00000000a0ab7520,0x00000000a3b00000)
 Metaspace       used 34685K, capacity 35398K, committed 35456K, reserved 1079296K
  class space    used 4779K, capacity 4959K, committed 4992K, reserved 1048576K
Event: 28.437 GC heap after
Heap after GC invocations=10 (full 1):
 PSYoungGen      total 116736K, used 9843K [0x00000000e0000000, 0x00000000e7d00000, 0x0000000100000000)
  eden space 105472K, 0% used [0x00000000e0000000,0x00000000e0000000,0x00000000e6700000)
  from space 11264K, 87% used [0x00000000e6700000,0x00000000e709cdb8,0x00000000e7200000)
  to   space 9728K, 0% used [0x00000000e7380000,0x00000000e7380000,0x00000000e7d00000)
 ParOldGen       total 60416K, used 10981K [0x00000000a0000000, 0x00000000a3b00000, 0x00000000e0000000)
  object space 60416K, 18% used [0x00000000a0000000,0x00000000a0ab9520,0x00000000a3b00000)
 Metaspace       used 34685K, capacity 35398K, committed 35456K, reserved 1079296K
  class space    used 4779K, capacity 4959K, committed 4992K, reserved 1048576K
}
Event: 28.437 GC heap before
{Heap before GC invocations=11 (full 2):
 PSYoungGen      total 116736K, used 9843K [0x00000000e0000000, 0x00000000e7d00000, 0x0000000100000000)
  eden space 105472K, 0% used [0x00000000e0000000,0x00000000e0000000,0x00000000e6700000)
  from space 11264K, 87% used [0x00000000e6700000,0x00000000e709cdb8,0x00000000e7200000)
  to   space 9728K, 0% used [0x00000000e7380000,0x00000000e7380000,0x00000000e7d00000)
 ParOldGen       total 60416K, used 10981K [0x00000000a0000000, 0x00000000a3b00000, 0x00000000e0000000)
  object space 60416K, 18% used [0x00000000a0000000,0x00000000a0ab9520,0x00000000a3b00000)
 Metaspace       used 34685K, capacity 35398K, committed 35456K, reserved 1079296K
  class space    used 4779K, capacity 4959K, committed 4992K, reserved 1048576K
Event: 28.677 GC heap after
Heap after GC invocations=11 (full 2):
 PSYoungGen      total 116736K, used 0K [0x00000000e0000000, 0x00000000e7d00000, 0x0000000100000000)
  eden space 105472K, 0% used [0x00000000e0000000,0x00000000e0000000,0x00000000e6700000)
  from space 11264K, 0% used [0x00000000e6700000,0x00000000e6700000,0x00000000e7200000)
  to   space 9728K, 0% used [0x00000000e7380000,0x00000000e7380000,0x00000000e7d00000)
 ParOldGen       total 60416K, used 16797K [0x00000000a0000000, 0x00000000a3b00000, 0x00000000e0000000)
  object space 60416K, 27% used [0x00000000a0000000,0x00000000a1067520,0x00000000a3b00000)
 Metaspace       used 34672K, capacity 35356K, committed 35456K, reserved 1079296K
  class space    used 4775K, capacity 4952K, committed 4992K, reserved 1048576K
}
Event: 39.208 GC heap before
{Heap before GC invocations=12 (full 2):
 PSYoungGen      total 116736K, used 105472K [0x00000000e0000000, 0x00000000e7d00000, 0x0000000100000000)
  eden space 105472K, 100% used [0x00000000e0000000,0x00000000e6700000,0x00000000e6700000)
  from space 11264K, 0% used [0x00000000e6700000,0x00000000e6700000,0x00000000e7200000)
  to   space 9728K, 0% used [0x00000000e7380000,0x00000000e7380000,0x00000000e7d00000)
 ParOldGen       total 60416K, used 16797K [0x00000000a0000000, 0x00000000a3b00000, 0x00000000e0000000)
  object space 60416K, 27% used [0x00000000a0000000,0x00000000a1067520,0x00000000a3b00000)
 Metaspace       used 45592K, capacity 46620K, committed 46976K, reserved 1089536K
  class space    used 6142K, capacity 6423K, committed 6528K, reserved 1048576K
Event: 39.229 GC heap after
Heap after GC invocations=12 (full 2):
 PSYoungGen      total 115200K, used 9713K [0x00000000e0000000, 0x00000000e7d00000, 0x0000000100000000)
  eden space 105472K, 0% used [0x00000000e0000000,0x00000000e0000000,0x00000000e6700000)
  from space 9728K, 99% used [0x00000000e7380000,0x00000000e7cfc5b0,0x00000000e7d00000)
  to   space 11264K, 0% used [0x00000000e6700000,0x00000000e6700000,0x00000000e7200000)
 ParOldGen       total 60416K, used 21248K [0x00000000a0000000, 0x00000000a3b00000, 0x00000000e0000000)
  object space 60416K, 35% used [0x00000000a0000000,0x00000000a14c0188,0x00000000a3b00000)
 Metaspace       used 45592K, capacity 46620K, committed 46976K, reserved 1089536K
  class space    used 6142K, capacity 6423K, committed 6528K, reserved 1048576K
}

